2021-05-26 20:31:56,146:INFO:PyCaret Supervised Module
2021-05-26 20:31:56,147:INFO:ML Usecase: regression
2021-05-26 20:31:56,147:INFO:version 2.3.1
2021-05-26 20:31:56,147:INFO:Initializing setup()
2021-05-26 20:31:56,148:INFO:setup(target=Percentage of land, ml_usecase=regression, available_plots={'parameter': 'Hyperparameters', 'residuals': 'Residuals', 'error': 'Prediction Error', 'cooks': 'Cooks Distance', 'rfe': 'Feature Selection', 'learning': 'Learning Curve', 'manifold': 'Manifold Learning', 'vc': 'Validation Curve', 'feature': 'Feature Importance', 'feature_all': 'Feature Importance (All)', 'tree': 'Decision Tree', 'residuals_interactive': 'Interactive Residuals'}, train_size=0.7, test_data=None, preprocess=True, imputation_type=simple, iterative_imputation_iters=5, categorical_features=None, categorical_imputation=constant, categorical_iterative_imputer=lightgbm, ordinal_features=None, high_cardinality_features=None, high_cardinality_method=frequency, numeric_features=None, numeric_imputation=mean, numeric_iterative_imputer=lightgbm, date_features=None, ignore_features=None, normalize=False, normalize_method=zscore, transformation=False, transformation_method=yeo-johnson, handle_unknown_categorical=True, unknown_categorical_method=least_frequent, pca=False, pca_method=linear, pca_components=None, ignore_low_variance=False, combine_rare_levels=False, rare_level_threshold=0.1, bin_numeric_features=None, remove_outliers=False, outliers_threshold=0.05, remove_multicollinearity=False, multicollinearity_threshold=0.9, remove_perfect_collinearity=True, create_clusters=False, cluster_iter=20, polynomial_features=False, polynomial_degree=2, trigonometry_features=False, polynomial_threshold=0.1, group_features=None, group_names=None, feature_selection=False, feature_selection_threshold=0.8, feature_selection_method=classic, feature_interaction=False, feature_ratio=False, interaction_threshold=0.01, fix_imbalance=False, fix_imbalance_method=None, transform_target=False, transform_target_method=box-cox, data_split_shuffle=True, data_split_stratify=False, fold_strategy=kfold, fold=10, fold_shuffle=False, fold_groups=None, n_jobs=-1, use_gpu=False, custom_pipeline=None, html=True, session_id=123, log_experiment=False, experiment_name=None, log_plots=False, log_profile=False, log_data=False, silent=False, verbose=True, profile=False, profile_kwargs=None, display=None)
2021-05-26 20:31:56,150:INFO:Checking environment
2021-05-26 20:31:56,150:INFO:python_version: 3.8.5
2021-05-26 20:31:56,150:INFO:python_build: ('default', 'Sep  3 2020 21:29:08')
2021-05-26 20:31:56,151:INFO:machine: AMD64
2021-05-26 20:31:56,151:INFO:platform: Windows-10-10.0.19041-SP0
2021-05-26 20:31:56,152:INFO:Memory: svmem(total=12767887360, available=6038679552, percent=52.7, used=6729207808, free=6038679552)
2021-05-26 20:31:56,152:INFO:Physical Core: 2
2021-05-26 20:31:56,152:INFO:Logical Core: 4
2021-05-26 20:31:56,153:INFO:Checking libraries
2021-05-26 20:31:56,153:INFO:pd==1.1.3
2021-05-26 20:31:56,153:INFO:numpy==1.19.5
2021-05-26 20:31:56,153:INFO:sklearn==0.23.2
2021-05-26 20:31:56,153:INFO:lightgbm==3.2.1
2021-05-26 20:31:56,155:WARNING:catboost not found
2021-05-26 20:31:56,157:WARNING:xgboost not found
2021-05-26 20:31:57,353:INFO:mlflow==1.17.0
2021-05-26 20:31:57,354:INFO:Checking Exceptions
2021-05-26 20:31:57,354:INFO:Declaring global variables
2021-05-26 20:31:57,354:INFO:USI: 725c
2021-05-26 20:31:57,354:INFO:pycaret_globals: {'_internal_pipeline', 'X_train', 'n_jobs_param', 'transform_target_param', 'target_param', 'imputation_regressor', '_all_metrics', 'transform_target_method_param', 'seed', 'fix_imbalance_method_param', '_available_plots', 'fold_generator', '_all_models', 'fold_groups_param_full', 'display_container', 'master_model_container', 'create_model_container', 'pycaret_globals', 'fold_param', 'y_test', 'gpu_param', 'fold_groups_param', 'y_train', 'imputation_classifier', 'logging_param', 'X_test', 'html_param', 'X', 'iterative_imputation_iters_param', 'prep_pipe', 'experiment__', 'exp_name_log', 'y', 'data_before_preprocess', 'log_plots_param', '_gpu_n_jobs_param', '_ml_usecase', 'fold_shuffle_param', 'USI', '_all_models_internal', 'stratify_param', 'fix_imbalance_param'}
2021-05-26 20:31:57,354:INFO:Preparing display monitor
2021-05-26 20:31:57,354:INFO:Preparing display monitor
2021-05-26 20:31:57,380:INFO:Importing libraries
2021-05-26 20:31:57,380:INFO:Copying data for preprocessing
2021-05-26 20:31:57,395:INFO:Declaring preprocessing parameters
2021-05-26 20:31:57,399:INFO:Creating preprocessing pipeline
2021-05-26 20:31:57,412:INFO:Preprocessing pipeline created successfully
2021-05-26 20:31:57,412:ERROR:(Process Exit): setup has been interupted with user command 'quit'. setup must rerun.
2021-05-26 20:31:57,412:INFO:Creating global containers
2021-05-26 20:31:57,417:INFO:Internal pipeline: Pipeline(memory=None, steps=[('empty_step', 'passthrough')], verbose=False)
2021-05-26 20:34:29,508:WARNING:Couldn't import xgboost.XGBRegressor
2021-05-26 20:34:29,510:WARNING:Couldn't import catboost.CatBoostRegressor
2021-05-26 20:34:29,779:WARNING:Couldn't import xgboost.XGBRegressor
2021-05-26 20:34:29,781:WARNING:Couldn't import catboost.CatBoostRegressor
2021-05-26 20:34:29,781:INFO:Creating grid variables
2021-05-26 20:34:29,827:INFO:create_model_container: 0
2021-05-26 20:34:29,827:INFO:master_model_container: 0
2021-05-26 20:34:29,828:INFO:display_container: 1
2021-05-26 20:34:29,842:INFO:Pipeline(memory=None,
         steps=[('dtypes',
                 DataTypes_Auto_infer(categorical_features=[],
                                      display_types=True, features_todrop=[],
                                      id_columns=['Year'],
                                      ml_usecase='regression',
                                      numerical_features=[],
                                      target='Percentage of land',
                                      time_features=[])),
                ('imputer',
                 Simple_Imputer(categorical_strategy='not_available',
                                fill_value_categorical=None,
                                fill_value_numerical=None,
                                n...
                ('scaling', 'passthrough'), ('P_transform', 'passthrough'),
                ('binn', 'passthrough'), ('rem_outliers', 'passthrough'),
                ('cluster_all', 'passthrough'),
                ('dummy', Dummify(target='Percentage of land')),
                ('fix_perfect', Remove_100(target='Percentage of land')),
                ('clean_names', Clean_Colum_Names()),
                ('feature_select', 'passthrough'), ('fix_multi', 'passthrough'),
                ('dfs', 'passthrough'), ('pca', 'passthrough')],
         verbose=False)
2021-05-26 20:34:29,842:INFO:setup() succesfully completed......................................
2021-05-26 20:35:19,352:INFO:PyCaret Supervised Module
2021-05-26 20:35:19,352:INFO:ML Usecase: regression
2021-05-26 20:35:19,353:INFO:version 2.3.1
2021-05-26 20:35:19,353:INFO:Initializing setup()
2021-05-26 20:35:19,353:INFO:setup(target=Percentage of land, ml_usecase=regression, available_plots={'parameter': 'Hyperparameters', 'residuals': 'Residuals', 'error': 'Prediction Error', 'cooks': 'Cooks Distance', 'rfe': 'Feature Selection', 'learning': 'Learning Curve', 'manifold': 'Manifold Learning', 'vc': 'Validation Curve', 'feature': 'Feature Importance', 'feature_all': 'Feature Importance (All)', 'tree': 'Decision Tree', 'residuals_interactive': 'Interactive Residuals'}, train_size=0.7, test_data=None, preprocess=True, imputation_type=simple, iterative_imputation_iters=5, categorical_features=None, categorical_imputation=constant, categorical_iterative_imputer=lightgbm, ordinal_features=None, high_cardinality_features=None, high_cardinality_method=frequency, numeric_features=None, numeric_imputation=mean, numeric_iterative_imputer=lightgbm, date_features=None, ignore_features=None, normalize=False, normalize_method=zscore, transformation=False, transformation_method=yeo-johnson, handle_unknown_categorical=True, unknown_categorical_method=least_frequent, pca=False, pca_method=linear, pca_components=None, ignore_low_variance=False, combine_rare_levels=False, rare_level_threshold=0.1, bin_numeric_features=None, remove_outliers=False, outliers_threshold=0.05, remove_multicollinearity=False, multicollinearity_threshold=0.9, remove_perfect_collinearity=True, create_clusters=False, cluster_iter=20, polynomial_features=False, polynomial_degree=2, trigonometry_features=False, polynomial_threshold=0.1, group_features=None, group_names=None, feature_selection=False, feature_selection_threshold=0.8, feature_selection_method=classic, feature_interaction=False, feature_ratio=False, interaction_threshold=0.01, fix_imbalance=False, fix_imbalance_method=None, transform_target=False, transform_target_method=box-cox, data_split_shuffle=True, data_split_stratify=False, fold_strategy=kfold, fold=10, fold_shuffle=False, fold_groups=None, n_jobs=-1, use_gpu=False, custom_pipeline=None, html=True, session_id=123, log_experiment=False, experiment_name=None, log_plots=False, log_profile=False, log_data=False, silent=False, verbose=True, profile=False, profile_kwargs=None, display=None)
2021-05-26 20:35:19,353:INFO:Checking environment
2021-05-26 20:35:19,353:INFO:python_version: 3.8.5
2021-05-26 20:35:19,354:INFO:python_build: ('default', 'Sep  3 2020 21:29:08')
2021-05-26 20:35:19,354:INFO:machine: AMD64
2021-05-26 20:35:19,354:INFO:platform: Windows-10-10.0.19041-SP0
2021-05-26 20:35:19,354:INFO:Memory: svmem(total=12767887360, available=5781090304, percent=54.7, used=6986797056, free=5781090304)
2021-05-26 20:35:19,355:INFO:Physical Core: 2
2021-05-26 20:35:19,355:INFO:Logical Core: 4
2021-05-26 20:35:19,355:INFO:Checking libraries
2021-05-26 20:35:19,355:INFO:pd==1.1.3
2021-05-26 20:35:19,355:INFO:numpy==1.19.5
2021-05-26 20:35:19,355:INFO:sklearn==0.23.2
2021-05-26 20:35:19,355:INFO:lightgbm==3.2.1
2021-05-26 20:35:19,357:WARNING:catboost not found
2021-05-26 20:35:19,359:WARNING:xgboost not found
2021-05-26 20:35:20,386:INFO:mlflow==1.17.0
2021-05-26 20:35:20,387:INFO:Checking Exceptions
2021-05-26 20:35:20,387:INFO:Declaring global variables
2021-05-26 20:35:20,387:INFO:USI: 1d05
2021-05-26 20:35:20,387:INFO:pycaret_globals: {'target_param', '_all_models_internal', 'fold_shuffle_param', 'imputation_classifier', 'X', 'USI', 'y', 'fold_groups_param_full', 'X_train', 'fold_groups_param', 'transform_target_method_param', 'fix_imbalance_method_param', 'exp_name_log', '_internal_pipeline', 'n_jobs_param', 'prep_pipe', 'create_model_container', '_ml_usecase', '_all_models', 'experiment__', 'gpu_param', 'transform_target_param', 'iterative_imputation_iters_param', 'stratify_param', '_available_plots', 'imputation_regressor', '_gpu_n_jobs_param', 'fix_imbalance_param', 'X_test', '_all_metrics', 'data_before_preprocess', 'logging_param', 'pycaret_globals', 'log_plots_param', 'display_container', 'y_test', 'fold_generator', 'y_train', 'fold_param', 'seed', 'master_model_container', 'html_param'}
2021-05-26 20:35:20,387:INFO:Preparing display monitor
2021-05-26 20:35:20,387:INFO:Preparing display monitor
2021-05-26 20:35:20,418:INFO:Importing libraries
2021-05-26 20:35:20,420:INFO:Copying data for preprocessing
2021-05-26 20:35:20,454:INFO:Declaring preprocessing parameters
2021-05-26 20:35:20,456:INFO:Creating preprocessing pipeline
2021-05-26 20:35:20,474:INFO:Preprocessing pipeline created successfully
2021-05-26 20:35:20,475:ERROR:(Process Exit): setup has been interupted with user command 'quit'. setup must rerun.
2021-05-26 20:35:20,475:INFO:Creating global containers
2021-05-26 20:35:20,480:INFO:Internal pipeline: Pipeline(memory=None, steps=[('empty_step', 'passthrough')], verbose=False)
2021-05-26 20:35:33,573:WARNING:Couldn't import xgboost.XGBRegressor
2021-05-26 20:35:33,574:WARNING:Couldn't import catboost.CatBoostRegressor
2021-05-26 20:35:33,764:WARNING:Couldn't import xgboost.XGBRegressor
2021-05-26 20:35:33,765:WARNING:Couldn't import catboost.CatBoostRegressor
2021-05-26 20:35:33,766:INFO:Creating grid variables
2021-05-26 20:35:33,808:INFO:create_model_container: 0
2021-05-26 20:35:33,808:INFO:master_model_container: 0
2021-05-26 20:35:33,808:INFO:display_container: 1
2021-05-26 20:35:33,825:INFO:Pipeline(memory=None,
         steps=[('dtypes',
                 DataTypes_Auto_infer(categorical_features=[],
                                      display_types=True, features_todrop=[],
                                      id_columns=['Year'],
                                      ml_usecase='regression',
                                      numerical_features=[],
                                      target='Percentage of land',
                                      time_features=[])),
                ('imputer',
                 Simple_Imputer(categorical_strategy='not_available',
                                fill_value_categorical=None,
                                fill_value_numerical=None,
                                n...
                ('scaling', 'passthrough'), ('P_transform', 'passthrough'),
                ('binn', 'passthrough'), ('rem_outliers', 'passthrough'),
                ('cluster_all', 'passthrough'),
                ('dummy', Dummify(target='Percentage of land')),
                ('fix_perfect', Remove_100(target='Percentage of land')),
                ('clean_names', Clean_Colum_Names()),
                ('feature_select', 'passthrough'), ('fix_multi', 'passthrough'),
                ('dfs', 'passthrough'), ('pca', 'passthrough')],
         verbose=False)
2021-05-26 20:35:33,825:INFO:setup() succesfully completed......................................
2021-05-26 20:46:36,323:INFO:PyCaret Supervised Module
2021-05-26 20:46:36,326:INFO:ML Usecase: regression
2021-05-26 20:46:36,326:INFO:version 2.3.1
2021-05-26 20:46:36,327:INFO:Initializing setup()
2021-05-26 20:46:36,327:INFO:setup(target=Percentage of land, ml_usecase=regression, available_plots={'parameter': 'Hyperparameters', 'residuals': 'Residuals', 'error': 'Prediction Error', 'cooks': 'Cooks Distance', 'rfe': 'Feature Selection', 'learning': 'Learning Curve', 'manifold': 'Manifold Learning', 'vc': 'Validation Curve', 'feature': 'Feature Importance', 'feature_all': 'Feature Importance (All)', 'tree': 'Decision Tree', 'residuals_interactive': 'Interactive Residuals'}, train_size=0.7, test_data=None, preprocess=True, imputation_type=simple, iterative_imputation_iters=5, categorical_features=None, categorical_imputation=constant, categorical_iterative_imputer=lightgbm, ordinal_features=None, high_cardinality_features=None, high_cardinality_method=frequency, numeric_features=['Percentage of land', 'Area', 'Area combined'], numeric_imputation=mean, numeric_iterative_imputer=lightgbm, date_features=None, ignore_features=None, normalize=False, normalize_method=zscore, transformation=False, transformation_method=yeo-johnson, handle_unknown_categorical=True, unknown_categorical_method=least_frequent, pca=False, pca_method=linear, pca_components=None, ignore_low_variance=False, combine_rare_levels=False, rare_level_threshold=0.1, bin_numeric_features=None, remove_outliers=False, outliers_threshold=0.05, remove_multicollinearity=False, multicollinearity_threshold=0.9, remove_perfect_collinearity=True, create_clusters=False, cluster_iter=20, polynomial_features=False, polynomial_degree=2, trigonometry_features=False, polynomial_threshold=0.1, group_features=None, group_names=None, feature_selection=False, feature_selection_threshold=0.8, feature_selection_method=classic, feature_interaction=False, feature_ratio=False, interaction_threshold=0.01, fix_imbalance=False, fix_imbalance_method=None, transform_target=False, transform_target_method=box-cox, data_split_shuffle=True, data_split_stratify=False, fold_strategy=kfold, fold=10, fold_shuffle=False, fold_groups=None, n_jobs=-1, use_gpu=False, custom_pipeline=None, html=True, session_id=123, log_experiment=False, experiment_name=None, log_plots=False, log_profile=False, log_data=False, silent=False, verbose=True, profile=False, profile_kwargs=None, display=None)
2021-05-26 20:46:36,328:INFO:Checking environment
2021-05-26 20:46:36,328:INFO:python_version: 3.8.5
2021-05-26 20:46:36,328:INFO:python_build: ('default', 'Sep  3 2020 21:29:08')
2021-05-26 20:46:36,328:INFO:machine: AMD64
2021-05-26 20:46:36,329:INFO:platform: Windows-10-10.0.19041-SP0
2021-05-26 20:46:36,332:INFO:Memory: svmem(total=12767887360, available=5883711488, percent=53.9, used=6884175872, free=5883711488)
2021-05-26 20:46:36,332:INFO:Physical Core: 2
2021-05-26 20:46:36,332:INFO:Logical Core: 4
2021-05-26 20:46:36,332:INFO:Checking libraries
2021-05-26 20:46:36,332:INFO:pd==1.1.3
2021-05-26 20:46:36,333:INFO:numpy==1.19.5
2021-05-26 20:46:36,333:INFO:sklearn==0.23.2
2021-05-26 20:46:36,333:INFO:lightgbm==3.2.1
2021-05-26 20:46:36,339:WARNING:catboost not found
2021-05-26 20:46:36,341:WARNING:xgboost not found
2021-05-26 20:46:38,568:INFO:mlflow==1.17.0
2021-05-26 20:46:38,570:INFO:Checking Exceptions
2021-05-26 20:47:22,808:INFO:PyCaret Supervised Module
2021-05-26 20:47:22,808:INFO:ML Usecase: regression
2021-05-26 20:47:22,808:INFO:version 2.3.1
2021-05-26 20:47:22,808:INFO:Initializing setup()
2021-05-26 20:47:22,808:INFO:setup(target=Percentage of land, ml_usecase=regression, available_plots={'parameter': 'Hyperparameters', 'residuals': 'Residuals', 'error': 'Prediction Error', 'cooks': 'Cooks Distance', 'rfe': 'Feature Selection', 'learning': 'Learning Curve', 'manifold': 'Manifold Learning', 'vc': 'Validation Curve', 'feature': 'Feature Importance', 'feature_all': 'Feature Importance (All)', 'tree': 'Decision Tree', 'residuals_interactive': 'Interactive Residuals'}, train_size=0.7, test_data=None, preprocess=True, imputation_type=simple, iterative_imputation_iters=5, categorical_features=None, categorical_imputation=constant, categorical_iterative_imputer=lightgbm, ordinal_features=None, high_cardinality_features=None, high_cardinality_method=frequency, numeric_features=['Percentage of land'], numeric_imputation=mean, numeric_iterative_imputer=lightgbm, date_features=None, ignore_features=None, normalize=False, normalize_method=zscore, transformation=False, transformation_method=yeo-johnson, handle_unknown_categorical=True, unknown_categorical_method=least_frequent, pca=False, pca_method=linear, pca_components=None, ignore_low_variance=False, combine_rare_levels=False, rare_level_threshold=0.1, bin_numeric_features=None, remove_outliers=False, outliers_threshold=0.05, remove_multicollinearity=False, multicollinearity_threshold=0.9, remove_perfect_collinearity=True, create_clusters=False, cluster_iter=20, polynomial_features=False, polynomial_degree=2, trigonometry_features=False, polynomial_threshold=0.1, group_features=None, group_names=None, feature_selection=False, feature_selection_threshold=0.8, feature_selection_method=classic, feature_interaction=False, feature_ratio=False, interaction_threshold=0.01, fix_imbalance=False, fix_imbalance_method=None, transform_target=False, transform_target_method=box-cox, data_split_shuffle=True, data_split_stratify=False, fold_strategy=kfold, fold=10, fold_shuffle=False, fold_groups=None, n_jobs=-1, use_gpu=False, custom_pipeline=None, html=True, session_id=123, log_experiment=False, experiment_name=None, log_plots=False, log_profile=False, log_data=False, silent=False, verbose=True, profile=False, profile_kwargs=None, display=None)
2021-05-26 20:47:22,808:INFO:Checking environment
2021-05-26 20:47:22,809:INFO:python_version: 3.8.5
2021-05-26 20:47:22,809:INFO:python_build: ('default', 'Sep  3 2020 21:29:08')
2021-05-26 20:47:22,809:INFO:machine: AMD64
2021-05-26 20:47:22,810:INFO:platform: Windows-10-10.0.19041-SP0
2021-05-26 20:47:22,811:INFO:Memory: svmem(total=12767887360, available=5923823616, percent=53.6, used=6844063744, free=5923823616)
2021-05-26 20:47:22,811:INFO:Physical Core: 2
2021-05-26 20:47:22,811:INFO:Logical Core: 4
2021-05-26 20:47:22,811:INFO:Checking libraries
2021-05-26 20:47:22,811:INFO:pd==1.1.3
2021-05-26 20:47:22,811:INFO:numpy==1.19.5
2021-05-26 20:47:22,811:INFO:sklearn==0.23.2
2021-05-26 20:47:22,811:INFO:lightgbm==3.2.1
2021-05-26 20:47:22,813:WARNING:catboost not found
2021-05-26 20:47:22,817:WARNING:xgboost not found
2021-05-26 20:47:25,032:INFO:mlflow==1.17.0
2021-05-26 20:47:25,034:INFO:Checking Exceptions
2021-05-26 20:47:46,793:INFO:PyCaret Supervised Module
2021-05-26 20:47:46,793:INFO:ML Usecase: regression
2021-05-26 20:47:46,793:INFO:version 2.3.1
2021-05-26 20:47:46,793:INFO:Initializing setup()
2021-05-26 20:47:46,793:INFO:setup(target=Percentage of land, ml_usecase=regression, available_plots={'parameter': 'Hyperparameters', 'residuals': 'Residuals', 'error': 'Prediction Error', 'cooks': 'Cooks Distance', 'rfe': 'Feature Selection', 'learning': 'Learning Curve', 'manifold': 'Manifold Learning', 'vc': 'Validation Curve', 'feature': 'Feature Importance', 'feature_all': 'Feature Importance (All)', 'tree': 'Decision Tree', 'residuals_interactive': 'Interactive Residuals'}, train_size=0.7, test_data=None, preprocess=True, imputation_type=simple, iterative_imputation_iters=5, categorical_features=None, categorical_imputation=constant, categorical_iterative_imputer=lightgbm, ordinal_features=None, high_cardinality_features=None, high_cardinality_method=frequency, numeric_features=['Area'], numeric_imputation=mean, numeric_iterative_imputer=lightgbm, date_features=None, ignore_features=None, normalize=False, normalize_method=zscore, transformation=False, transformation_method=yeo-johnson, handle_unknown_categorical=True, unknown_categorical_method=least_frequent, pca=False, pca_method=linear, pca_components=None, ignore_low_variance=False, combine_rare_levels=False, rare_level_threshold=0.1, bin_numeric_features=None, remove_outliers=False, outliers_threshold=0.05, remove_multicollinearity=False, multicollinearity_threshold=0.9, remove_perfect_collinearity=True, create_clusters=False, cluster_iter=20, polynomial_features=False, polynomial_degree=2, trigonometry_features=False, polynomial_threshold=0.1, group_features=None, group_names=None, feature_selection=False, feature_selection_threshold=0.8, feature_selection_method=classic, feature_interaction=False, feature_ratio=False, interaction_threshold=0.01, fix_imbalance=False, fix_imbalance_method=None, transform_target=False, transform_target_method=box-cox, data_split_shuffle=True, data_split_stratify=False, fold_strategy=kfold, fold=10, fold_shuffle=False, fold_groups=None, n_jobs=-1, use_gpu=False, custom_pipeline=None, html=True, session_id=123, log_experiment=False, experiment_name=None, log_plots=False, log_profile=False, log_data=False, silent=False, verbose=True, profile=False, profile_kwargs=None, display=None)
2021-05-26 20:47:46,794:INFO:Checking environment
2021-05-26 20:47:46,794:INFO:python_version: 3.8.5
2021-05-26 20:47:46,795:INFO:python_build: ('default', 'Sep  3 2020 21:29:08')
2021-05-26 20:47:46,795:INFO:machine: AMD64
2021-05-26 20:47:46,795:INFO:platform: Windows-10-10.0.19041-SP0
2021-05-26 20:47:46,795:INFO:Memory: svmem(total=12767887360, available=5862285312, percent=54.1, used=6905602048, free=5862285312)
2021-05-26 20:47:46,795:INFO:Physical Core: 2
2021-05-26 20:47:46,796:INFO:Logical Core: 4
2021-05-26 20:47:46,796:INFO:Checking libraries
2021-05-26 20:47:46,797:INFO:pd==1.1.3
2021-05-26 20:47:46,797:INFO:numpy==1.19.5
2021-05-26 20:47:46,797:INFO:sklearn==0.23.2
2021-05-26 20:47:46,797:INFO:lightgbm==3.2.1
2021-05-26 20:47:46,799:WARNING:catboost not found
2021-05-26 20:47:46,802:WARNING:xgboost not found
2021-05-26 20:47:46,802:INFO:mlflow==1.17.0
2021-05-26 20:47:46,802:INFO:Checking Exceptions
2021-05-26 20:47:46,802:INFO:Declaring global variables
2021-05-26 20:47:46,803:INFO:USI: 2af3
2021-05-26 20:47:46,803:INFO:pycaret_globals: {'target_param', 'y_train', 'html_param', 'fold_generator', '_internal_pipeline', '_available_plots', 'fold_groups_param_full', 'gpu_param', '_ml_usecase', 'y', '_all_models', 'seed', 'imputation_classifier', 'fold_param', 'iterative_imputation_iters_param', 'logging_param', 'fix_imbalance_param', 'experiment__', 'imputation_regressor', 'log_plots_param', '_gpu_n_jobs_param', 'USI', 'prep_pipe', 'fix_imbalance_method_param', 'stratify_param', 'fold_groups_param', 'n_jobs_param', '_all_models_internal', 'X', 'exp_name_log', 'data_before_preprocess', 'display_container', 'X_test', 'create_model_container', '_all_metrics', 'fold_shuffle_param', 'master_model_container', 'transform_target_method_param', 'pycaret_globals', 'y_test', 'transform_target_param', 'X_train'}
2021-05-26 20:47:46,803:INFO:Preparing display monitor
2021-05-26 20:47:46,803:INFO:Preparing display monitor
2021-05-26 20:47:46,837:INFO:Importing libraries
2021-05-26 20:47:46,837:INFO:Copying data for preprocessing
2021-05-26 20:47:46,864:INFO:Declaring preprocessing parameters
2021-05-26 20:47:46,876:INFO:Creating preprocessing pipeline
2021-05-26 20:47:46,894:INFO:Preprocessing pipeline created successfully
2021-05-26 20:47:46,894:ERROR:(Process Exit): setup has been interupted with user command 'quit'. setup must rerun.
2021-05-26 20:47:46,895:INFO:Creating global containers
2021-05-26 20:47:46,898:INFO:Internal pipeline: Pipeline(memory=None, steps=[('empty_step', 'passthrough')], verbose=False)
2021-05-26 20:54:03,110:INFO:PyCaret Supervised Module
2021-05-26 20:54:03,111:INFO:ML Usecase: regression
2021-05-26 20:54:03,111:INFO:version 2.3.1
2021-05-26 20:54:03,111:INFO:Initializing setup()
2021-05-26 20:54:03,111:INFO:setup(target=Percentage of land, ml_usecase=regression, available_plots={'parameter': 'Hyperparameters', 'residuals': 'Residuals', 'error': 'Prediction Error', 'cooks': 'Cooks Distance', 'rfe': 'Feature Selection', 'learning': 'Learning Curve', 'manifold': 'Manifold Learning', 'vc': 'Validation Curve', 'feature': 'Feature Importance', 'feature_all': 'Feature Importance (All)', 'tree': 'Decision Tree', 'residuals_interactive': 'Interactive Residuals'}, train_size=0.7, test_data=None, preprocess=True, imputation_type=simple, iterative_imputation_iters=5, categorical_features=None, categorical_imputation=constant, categorical_iterative_imputer=lightgbm, ordinal_features=None, high_cardinality_features=None, high_cardinality_method=frequency, numeric_features=['Area', 'Area Combined'], numeric_imputation=mean, numeric_iterative_imputer=lightgbm, date_features=None, ignore_features=None, normalize=False, normalize_method=zscore, transformation=False, transformation_method=yeo-johnson, handle_unknown_categorical=True, unknown_categorical_method=least_frequent, pca=False, pca_method=linear, pca_components=None, ignore_low_variance=False, combine_rare_levels=False, rare_level_threshold=0.1, bin_numeric_features=None, remove_outliers=False, outliers_threshold=0.05, remove_multicollinearity=False, multicollinearity_threshold=0.9, remove_perfect_collinearity=True, create_clusters=False, cluster_iter=20, polynomial_features=False, polynomial_degree=2, trigonometry_features=False, polynomial_threshold=0.1, group_features=None, group_names=None, feature_selection=False, feature_selection_threshold=0.8, feature_selection_method=classic, feature_interaction=False, feature_ratio=False, interaction_threshold=0.01, fix_imbalance=False, fix_imbalance_method=None, transform_target=False, transform_target_method=box-cox, data_split_shuffle=True, data_split_stratify=False, fold_strategy=kfold, fold=10, fold_shuffle=False, fold_groups=None, n_jobs=-1, use_gpu=False, custom_pipeline=None, html=True, session_id=123, log_experiment=False, experiment_name=None, log_plots=False, log_profile=False, log_data=False, silent=False, verbose=True, profile=False, profile_kwargs=None, display=None)
2021-05-26 20:54:03,112:INFO:Checking environment
2021-05-26 20:54:03,112:INFO:python_version: 3.8.5
2021-05-26 20:54:03,112:INFO:python_build: ('default', 'Sep  3 2020 21:29:08')
2021-05-26 20:54:03,112:INFO:machine: AMD64
2021-05-26 20:54:03,113:INFO:platform: Windows-10-10.0.19041-SP0
2021-05-26 20:54:03,114:INFO:Memory: svmem(total=12767887360, available=6103134208, percent=52.2, used=6664753152, free=6103134208)
2021-05-26 20:54:03,114:INFO:Physical Core: 2
2021-05-26 20:54:03,114:INFO:Logical Core: 4
2021-05-26 20:54:03,114:INFO:Checking libraries
2021-05-26 20:54:03,114:INFO:pd==1.1.3
2021-05-26 20:54:03,115:INFO:numpy==1.19.5
2021-05-26 20:54:03,115:INFO:sklearn==0.23.2
2021-05-26 20:54:03,115:INFO:lightgbm==3.2.1
2021-05-26 20:54:03,117:WARNING:catboost not found
2021-05-26 20:54:03,119:WARNING:xgboost not found
2021-05-26 20:54:05,349:INFO:mlflow==1.17.0
2021-05-26 20:54:05,350:INFO:Checking Exceptions
2021-05-26 20:54:37,481:INFO:PyCaret Supervised Module
2021-05-26 20:54:37,482:INFO:ML Usecase: regression
2021-05-26 20:54:37,483:INFO:version 2.3.1
2021-05-26 20:54:37,483:INFO:Initializing setup()
2021-05-26 20:54:37,483:INFO:setup(target=Percentage of land, ml_usecase=regression, available_plots={'parameter': 'Hyperparameters', 'residuals': 'Residuals', 'error': 'Prediction Error', 'cooks': 'Cooks Distance', 'rfe': 'Feature Selection', 'learning': 'Learning Curve', 'manifold': 'Manifold Learning', 'vc': 'Validation Curve', 'feature': 'Feature Importance', 'feature_all': 'Feature Importance (All)', 'tree': 'Decision Tree', 'residuals_interactive': 'Interactive Residuals'}, train_size=0.7, test_data=None, preprocess=True, imputation_type=simple, iterative_imputation_iters=5, categorical_features=None, categorical_imputation=constant, categorical_iterative_imputer=lightgbm, ordinal_features=None, high_cardinality_features=None, high_cardinality_method=frequency, numeric_features=['Area', 'Area combined'], numeric_imputation=mean, numeric_iterative_imputer=lightgbm, date_features=None, ignore_features=None, normalize=False, normalize_method=zscore, transformation=False, transformation_method=yeo-johnson, handle_unknown_categorical=True, unknown_categorical_method=least_frequent, pca=False, pca_method=linear, pca_components=None, ignore_low_variance=False, combine_rare_levels=False, rare_level_threshold=0.1, bin_numeric_features=None, remove_outliers=False, outliers_threshold=0.05, remove_multicollinearity=False, multicollinearity_threshold=0.9, remove_perfect_collinearity=True, create_clusters=False, cluster_iter=20, polynomial_features=False, polynomial_degree=2, trigonometry_features=False, polynomial_threshold=0.1, group_features=None, group_names=None, feature_selection=False, feature_selection_threshold=0.8, feature_selection_method=classic, feature_interaction=False, feature_ratio=False, interaction_threshold=0.01, fix_imbalance=False, fix_imbalance_method=None, transform_target=False, transform_target_method=box-cox, data_split_shuffle=True, data_split_stratify=False, fold_strategy=kfold, fold=10, fold_shuffle=False, fold_groups=None, n_jobs=-1, use_gpu=False, custom_pipeline=None, html=True, session_id=123, log_experiment=False, experiment_name=None, log_plots=False, log_profile=False, log_data=False, silent=False, verbose=True, profile=False, profile_kwargs=None, display=None)
2021-05-26 20:54:37,483:INFO:Checking environment
2021-05-26 20:54:37,484:INFO:python_version: 3.8.5
2021-05-26 20:54:37,484:INFO:python_build: ('default', 'Sep  3 2020 21:29:08')
2021-05-26 20:54:37,484:INFO:machine: AMD64
2021-05-26 20:54:37,485:INFO:platform: Windows-10-10.0.19041-SP0
2021-05-26 20:54:37,485:INFO:Memory: svmem(total=12767887360, available=5930721280, percent=53.5, used=6837166080, free=5930721280)
2021-05-26 20:54:37,485:INFO:Physical Core: 2
2021-05-26 20:54:37,485:INFO:Logical Core: 4
2021-05-26 20:54:37,486:INFO:Checking libraries
2021-05-26 20:54:37,486:INFO:pd==1.1.3
2021-05-26 20:54:37,486:INFO:numpy==1.19.5
2021-05-26 20:54:37,486:INFO:sklearn==0.23.2
2021-05-26 20:54:37,486:INFO:lightgbm==3.2.1
2021-05-26 20:54:37,488:WARNING:catboost not found
2021-05-26 20:54:37,492:WARNING:xgboost not found
2021-05-26 20:54:39,164:INFO:mlflow==1.17.0
2021-05-26 20:54:39,165:INFO:Checking Exceptions
2021-05-26 20:54:39,166:INFO:Declaring global variables
2021-05-26 20:54:39,166:INFO:USI: e268
2021-05-26 20:54:39,166:INFO:pycaret_globals: {'fold_groups_param_full', 'exp_name_log', 'y_train', '_ml_usecase', 'y_test', 'fix_imbalance_param', 'pycaret_globals', 'USI', 'transform_target_param', '_all_models', 'fix_imbalance_method_param', 'imputation_regressor', '_all_models_internal', 'n_jobs_param', 'imputation_classifier', 'fold_generator', 'prep_pipe', 'target_param', '_gpu_n_jobs_param', 'transform_target_method_param', 'X_train', 'experiment__', 'master_model_container', '_internal_pipeline', 'data_before_preprocess', 'y', '_available_plots', 'fold_groups_param', 'fold_param', 'logging_param', 'html_param', 'seed', 'create_model_container', 'stratify_param', 'log_plots_param', 'X_test', 'gpu_param', 'fold_shuffle_param', '_all_metrics', 'X', 'iterative_imputation_iters_param', 'display_container'}
2021-05-26 20:54:39,167:INFO:Preparing display monitor
2021-05-26 20:54:39,167:INFO:Preparing display monitor
2021-05-26 20:54:39,230:INFO:Importing libraries
2021-05-26 20:54:39,230:INFO:Copying data for preprocessing
2021-05-26 20:54:39,275:INFO:Declaring preprocessing parameters
2021-05-26 20:54:39,278:INFO:Creating preprocessing pipeline
2021-05-26 20:54:39,287:INFO:Preprocessing pipeline created successfully
2021-05-26 20:54:39,287:ERROR:(Process Exit): setup has been interupted with user command 'quit'. setup must rerun.
2021-05-26 20:54:39,287:INFO:Creating global containers
2021-05-26 20:54:39,290:INFO:Internal pipeline: Pipeline(memory=None, steps=[('empty_step', 'passthrough')], verbose=False)
